<?xml version="1.0" encoding="UTF-8"?>
<coverage generated="1699778400205" clover="3.2.0">
  <project timestamp="1699778400205" name="All files">
    <metrics statements="16" coveredstatements="16" conditionals="6" coveredconditionals="5" methods="6" coveredmethods="6" elements="28" coveredelements="27" complexity="0" loc="16" ncloc="16" packages="3" files="4" classes="4"/>
    <package name="components">
      <metrics statements="9" coveredstatements="9" conditionals="0" coveredconditionals="0" methods="5" coveredmethods="5"/>
      <file name="ProductCard.tsx" path="/Users/khaled/Development/personal/productsApp/products-app/src/components/ProductCard.tsx">
        <metrics statements="4" coveredstatements="4" conditionals="0" coveredconditionals="0" methods="2" coveredmethods="2"/>
        <line num="14" count="2" type="stmt"/>
        <line num="23" count="4" type="stmt"/>
        <line num="24" count="1" type="stmt"/>
        <line num="64" count="2" type="stmt"/>
      </file>
      <file name="ProductsList.tsx" path="/Users/khaled/Development/personal/productsApp/products-app/src/components/ProductsList.tsx">
        <metrics statements="5" coveredstatements="5" conditionals="0" coveredconditionals="0" methods="3" coveredmethods="3"/>
        <line num="13" count="1" type="stmt"/>
        <line num="14" count="1" type="stmt"/>
        <line num="36" count="2" type="stmt"/>
        <line num="46" count="3" type="stmt"/>
        <line num="53" count="1" type="stmt"/>
      </file>
    </package>
    <package name="components.common">
      <metrics statements="4" coveredstatements="4" conditionals="6" coveredconditionals="5" methods="1" coveredmethods="1"/>
      <file name="styledText.tsx" path="/Users/khaled/Development/personal/productsApp/products-app/src/components/common/styledText.tsx">
        <metrics statements="4" coveredstatements="4" conditionals="6" coveredconditionals="5" methods="1" coveredmethods="1"/>
        <line num="25" count="2" type="stmt"/>
        <line num="26" count="16" type="stmt"/>
        <line num="27" count="16" type="stmt"/>
        <line num="47" count="2" type="stmt"/>
      </file>
    </package>
    <package name="styles">
      <metrics statements="3" coveredstatements="3" conditionals="0" coveredconditionals="0" methods="0" coveredmethods="0"/>
      <file name="theme.ts" path="/Users/khaled/Development/personal/productsApp/products-app/src/styles/theme.ts">
        <metrics statements="3" coveredstatements="3" conditionals="0" coveredconditionals="0" methods="0" coveredmethods="0"/>
        <line num="3" count="2" type="stmt"/>
        <line num="10" count="2" type="stmt"/>
        <line num="18" count="2" type="stmt"/>
      </file>
    </package>
  </project>
</coverage>
