{"/Users/khaled/Development/personal/productsApp/products-app/src/components/ProductCard.tsx": {"path":"/Users/khaled/Development/personal/productsApp/products-app/src/components/ProductCard.tsx","statementMap":{"0":{"start":{"line":14,"column":20},"end":{"line":60,"column":1}},"1":{"start":{"line":23,"column":2},"end":{"line":59,"column":4}},"2":{"start":{"line":24,"column":55},"end":{"line":24,"column":73}},"3":{"start":{"line":64,"column":15},"end":{"line":87,"column":2}}},"fnMap":{"0":{"name":"(anonymous_0)","decl":{"start":{"line":14,"column":20},"end":{"line":14,"column":21}},"loc":{"start":{"line":22,"column":24},"end":{"line":60,"column":1}},"line":22},"1":{"name":"(anonymous_1)","decl":{"start":{"line":24,"column":49},"end":{"line":24,"column":50}},"loc":{"start":{"line":24,"column":55},"end":{"line":24,"column":73}},"line":24}},"branchMap":{},"s":{"0":2,"1":4,"2":1,"3":2},"f":{"0":4,"1":1},"b":{},"_coverageSchema":"1a1c01bbd47fc00a2c39e90264f33305004495a9","hash":"36c14d38e02c6396656c3026ec40b41c7c813dcf"}
,"/Users/khaled/Development/personal/productsApp/products-app/src/components/ProductsList.tsx": {"path":"/Users/khaled/Development/personal/productsApp/products-app/src/components/ProductsList.tsx","statementMap":{"0":{"start":{"line":13,"column":21},"end":{"line":50,"column":1}},"1":{"start":{"line":14,"column":2},"end":{"line":49,"column":4}},"2":{"start":{"line":36,"column":8},"end":{"line":44,"column":10}},"3":{"start":{"line":46,"column":30},"end":{"line":46,"column":48}},"4":{"start":{"line":53,"column":15},"end":{"line":57,"column":2}}},"fnMap":{"0":{"name":"(anonymous_0)","decl":{"start":{"line":13,"column":21},"end":{"line":13,"column":22}},"loc":{"start":{"line":13,"column":70},"end":{"line":50,"column":1}},"line":13},"1":{"name":"(anonymous_1)","decl":{"start":{"line":35,"column":18},"end":{"line":35,"column":19}},"loc":{"start":{"line":36,"column":8},"end":{"line":44,"column":10}},"line":36},"2":{"name":"(anonymous_2)","decl":{"start":{"line":46,"column":20},"end":{"line":46,"column":21}},"loc":{"start":{"line":46,"column":30},"end":{"line":46,"column":48}},"line":46}},"branchMap":{},"s":{"0":1,"1":1,"2":2,"3":3,"4":1},"f":{"0":1,"1":2,"2":3},"b":{},"_coverageSchema":"1a1c01bbd47fc00a2c39e90264f33305004495a9","hash":"9bc47b77a38ae78d0ff931619558f94db0a1d0a5"}
,"/Users/khaled/Development/personal/productsApp/products-app/src/components/common/styledText.tsx": {"path":"/Users/khaled/Development/personal/productsApp/products-app/src/components/common/styledText.tsx","statementMap":{"0":{"start":{"line":25,"column":19},"end":{"line":43,"column":1}},"1":{"start":{"line":26,"column":62},"end":{"line":26,"column":67}},"2":{"start":{"line":27,"column":2},"end":{"line":42,"column":4}},"3":{"start":{"line":47,"column":15},"end":{"line":51,"column":2}}},"fnMap":{"0":{"name":"(anonymous_0)","decl":{"start":{"line":25,"column":19},"end":{"line":25,"column":20}},"loc":{"start":{"line":25,"column":37},"end":{"line":43,"column":1}},"line":25}},"branchMap":{"0":{"loc":{"start":{"line":34,"column":19},"end":{"line":34,"column":46}},"type":"binary-expr","locations":[{"start":{"line":34,"column":19},"end":{"line":34,"column":24}},{"start":{"line":34,"column":28},"end":{"line":34,"column":46}}],"line":34},"1":{"loc":{"start":{"line":35,"column":22},"end":{"line":35,"column":42}},"type":"binary-expr","locations":[{"start":{"line":35,"column":22},"end":{"line":35,"column":26}},{"start":{"line":35,"column":30},"end":{"line":35,"column":42}}],"line":35},"2":{"loc":{"start":{"line":36,"column":24},"end":{"line":36,"column":43}},"type":"binary-expr","locations":[{"start":{"line":36,"column":24},"end":{"line":36,"column":34}},{"start":{"line":36,"column":38},"end":{"line":36,"column":43}}],"line":36}},"s":{"0":2,"1":16,"2":16,"3":2},"f":{"0":16},"b":{"0":[16,8],"1":[16,0],"2":[16,12]},"_coverageSchema":"1a1c01bbd47fc00a2c39e90264f33305004495a9","hash":"adf93d69b08a8109fa8854cd5662fe3af6c3206e"}
,"/Users/khaled/Development/personal/productsApp/products-app/src/styles/theme.ts": {"path":"/Users/khaled/Development/personal/productsApp/products-app/src/styles/theme.ts","statementMap":{"0":{"start":{"line":3,"column":22},"end":{"line":8,"column":1}},"1":{"start":{"line":10,"column":25},"end":{"line":16,"column":1}},"2":{"start":{"line":18,"column":26},"end":{"line":25,"column":2}}},"fnMap":{},"branchMap":{},"s":{"0":2,"1":2,"2":2},"f":{},"b":{},"_coverageSchema":"1a1c01bbd47fc00a2c39e90264f33305004495a9","hash":"809c07f22035f6cb87507c61ee1e9a6533e545ce"}
}
