TN:
SF:src/components/ProductCard.tsx
FN:14,(anonymous_0)
FN:24,(anonymous_1)
FNF:2
FNH:2
FNDA:4,(anonymous_0)
FNDA:1,(anonymous_1)
DA:14,2
DA:23,4
DA:24,1
DA:64,2
LF:4
LH:4
BRF:0
BRH:0
end_of_record
TN:
SF:src/components/ProductsList.tsx
FN:13,(anonymous_0)
FN:35,(anonymous_1)
FN:46,(anonymous_2)
FNF:3
FNH:3
FNDA:1,(anonymous_0)
FNDA:2,(anonymous_1)
FNDA:3,(anonymous_2)
DA:13,1
DA:14,1
DA:36,2
DA:46,3
DA:53,1
LF:5
LH:5
BRF:0
BRH:0
end_of_record
TN:
SF:src/components/common/styledText.tsx
FN:25,(anonymous_0)
FNF:1
FNH:1
FNDA:16,(anonymous_0)
DA:25,2
DA:26,16
DA:27,16
DA:47,2
LF:4
LH:4
BRDA:34,0,0,16
BRDA:34,0,1,8
BRDA:35,1,0,16
BRDA:35,1,1,0
BRDA:36,2,0,16
BRDA:36,2,1,12
BRF:6
BRH:5
end_of_record
TN:
SF:src/styles/theme.ts
FNF:0
FNH:0
DA:3,2
DA:10,2
DA:18,2
LF:3
LH:3
BRF:0
BRH:0
end_of_record
